El usuario  no existe. Creando usuario...
El directorio /home/ ya existe.
No se puede crear el usuario  porque el directorio ya existe.
Configurando SSH...
Clave SSH añadida
SSH configurado y funcionando
Configurando sudo para ...
Sudo configurado
El usuario  no existe. Creando usuario...
El directorio /home/ ya existe.
No se puede crear el usuario  porque el directorio ya existe.
Configurando SSH...
Clave SSH añadida
SSH configurado y funcionando
Configurando sudo para ...
Sudo configurado
El usuario  no existe. Creando usuario...
El directorio /home/ ya existe.
No se puede crear el usuario  porque el directorio ya existe.
Configurando SSH...
Clave SSH añadida
SSH configurado y funcionando
Configurando sudo para ...
Sudo configurado
El usuario  no existe. Creando usuario...
El directorio /home/ ya existe.
No se puede crear el usuario  porque el directorio ya existe.
Configurando SSH...
Clave SSH añadida
SSH configurado y funcionando
Configurando sudo para ...
Sudo configurado
El usuario  no existe. Creando usuario...
El directorio /home/ ya existe.
No se puede crear el usuario  porque el directorio ya existe.
Configurando SSH...
Clave SSH añadida
SSH configurado y funcionando
Configurando sudo para ...
Sudo configurado
