El usuario morgado no existe. Creando usuario...
El directorio /home/morgado no existe.
Usuario morgado creado con éxito.
Configurando SSH...
SSH configurado y funcionando
Configurando sudo para morgado...
Sudo configurado
El usuario morgado no existe. Creando usuario...
El directorio /home/morgado no existe.
Usuario morgado creado con éxito.
Configurando SSH...
SSH configurado y funcionando
Configurando sudo para morgado...
Sudo configurado
El usuario morgado no existe. Creando usuario...
El directorio /home/morgado no existe.
Usuario morgado creado con éxito.
Configurando SSH...
SSH configurado y funcionando
Configurando sudo para morgado...
Sudo configurado
El usuario morgado no existe. Creando usuario...
El directorio /home/morgado no existe.
Usuario morgado creado con éxito.
Configurando SSH...
Clave SSH añadida
SSH configurado y funcionando
Configurando sudo para morgado...
Sudo configurado
El usuario morgado no existe. Creando usuario...
El directorio /home/morgado no existe.
Usuario morgado creado con éxito.
Configurando SSH...
Clave SSH añadida
SSH configurado y funcionando
Configurando sudo para morgado...
Sudo configurado
